[07-Jan-2025 15:14:19 Europe/Berlin] PHP Parse error:  syntax error, unexpected token "require_once" in C:\xampp\htdocs\ADISE24_ataxxangelos\ataxx.php on line 4
[07-Jan-2025 15:14:51 Europe/Berlin] PHP Parse error:  syntax error, unexpected token "require_once" in C:\xampp\htdocs\ADISE24_ataxxangelos\ataxx.php on line 4
[07-Jan-2025 15:15:25 Europe/Berlin] PHP Parse error:  syntax error, unexpected token "require_once" in C:\xampp\htdocs\ADISE24_ataxxangelos\ataxx.php on line 4
[07-Jan-2025 15:18:54 Europe/Berlin] PHP Parse error:  syntax error, unexpected token "require_once" in C:\xampp\htdocs\ADISE24_ataxxangelos\ataxx.php on line 4
[07-Jan-2025 15:49:01 Europe/Berlin] PHP Parse error:  syntax error, unexpected token "require_once" in C:\xampp\htdocs\ADISE24_ataxxangelos\ataxx.php on line 4
[07-Jan-2025 15:49:11 Europe/Berlin] PHP Parse error:  syntax error, unexpected token "require_once" in C:\xampp\htdocs\ADISE24_ataxxangelos\ataxx.php on line 4
[07-Jan-2025 15:49:50 Europe/Berlin] PHP Parse error:  syntax error, unexpected token "require_once" in C:\xampp\htdocs\ADISE24_ataxxangelos\ataxx.php on line 4
[07-Jan-2025 15:53:11 Europe/Berlin] PHP Parse error:  syntax error, unexpected token "require_once" in C:\xampp\htdocs\ADISE24_ataxxangelos\ataxx.php on line 4
[07-Jan-2025 15:53:25 Europe/Berlin] PHP Parse error:  syntax error, unexpected token "require_once" in C:\xampp\htdocs\ADISE24_ataxxangelos\ataxx.php on line 4
[07-Jan-2025 15:56:45 Europe/Berlin] PHP Parse error:  syntax error, unexpected token "require_once" in C:\xampp\htdocs\ADISE24_ataxxangelos\ataxx.php on line 4
[07-Jan-2025 15:56:52 Europe/Berlin] PHP Parse error:  syntax error, unexpected token "require_once" in C:\xampp\htdocs\ADISE24_ataxxangelos\ataxx.php on line 4
[07-Jan-2025 16:00:25 Europe/Berlin] PHP Parse error:  syntax error, unexpected token "require_once" in C:\xampp\htdocs\ADISE24_ataxxangelos\ataxx.php on line 4
[07-Jan-2025 16:02:12 Europe/Berlin] PHP Warning:  require_once(lib/users.php): Failed to open stream: No such file or directory in C:\xampp\htdocs\ADISE24_ataxxangelos\ataxx.php on line 6
[07-Jan-2025 16:02:12 Europe/Berlin] PHP Fatal error:  Uncaught Error: Failed opening required 'lib/users.php' (include_path='C:\xampp\php\PEAR') in C:\xampp\htdocs\ADISE24_ataxxangelos\ataxx.php:6
Stack trace:
#0 {main}
  thrown in C:\xampp\htdocs\ADISE24_ataxxangelos\ataxx.php on line 6
[07-Jan-2025 16:02:34 Europe/Berlin] PHP Fatal error:  Uncaught Error: Call to a member function query() on null in C:\xampp\htdocs\ADISE24_ataxxangelos\lib\players.php:6
Stack trace:
#0 C:\xampp\htdocs\ADISE24_ataxxangelos\ataxx.php(66): get_players()
#1 C:\xampp\htdocs\ADISE24_ataxxangelos\ataxx.php(36): handle_player('GET', Array, Array)
#2 {main}
  thrown in C:\xampp\htdocs\ADISE24_ataxxangelos\lib\players.php on line 6
[07-Jan-2025 16:05:52 Europe/Berlin] PHP Warning:  Undefined variable $DB_NAME in C:\xampp\htdocs\ADISE24_ataxxangelos\lib\players.php on line 6
[07-Jan-2025 16:05:52 Europe/Berlin] PHP Fatal error:  Uncaught Error: Call to a member function query() on null in C:\xampp\htdocs\ADISE24_ataxxangelos\lib\players.php:6
Stack trace:
#0 C:\xampp\htdocs\ADISE24_ataxxangelos\ataxx.php(66): get_players()
#1 C:\xampp\htdocs\ADISE24_ataxxangelos\ataxx.php(36): handle_player('GET', Array, Array)
#2 {main}
  thrown in C:\xampp\htdocs\ADISE24_ataxxangelos\lib\players.php on line 6
[07-Jan-2025 16:06:45 Europe/Berlin] PHP Fatal error:  Uncaught Error: Call to a member function query() on string in C:\xampp\htdocs\ADISE24_ataxxangelos\lib\players.php:6
Stack trace:
#0 C:\xampp\htdocs\ADISE24_ataxxangelos\ataxx.php(66): get_players()
#1 C:\xampp\htdocs\ADISE24_ataxxangelos\ataxx.php(36): handle_player('GET', Array, Array)
#2 {main}
  thrown in C:\xampp\htdocs\ADISE24_ataxxangelos\lib\players.php on line 6
[07-Jan-2025 16:58:54 Europe/Berlin] PHP Warning:  Undefined array key "username" in C:\xampp\htdocs\ADISE24_ataxxangelos\ataxx.php on line 70
[07-Jan-2025 17:00:02 Europe/Berlin] PHP Warning:  Undefined array key "username" in C:\xampp\htdocs\ADISE24_ataxxangelos\ataxx.php on line 70
[07-Jan-2025 22:01:53 Europe/Berlin] PHP Parse error:  syntax error, unexpected token "}", expecting "," or ";" in C:\xampp\htdocs\ADISE24_ataxxangelos\ataxx.php on line 93
[07-Jan-2025 22:01:56 Europe/Berlin] PHP Parse error:  syntax error, unexpected token "}", expecting "," or ";" in C:\xampp\htdocs\ADISE24_ataxxangelos\ataxx.php on line 93
[07-Jan-2025 22:01:59 Europe/Berlin] PHP Parse error:  syntax error, unexpected token "}", expecting "," or ";" in C:\xampp\htdocs\ADISE24_ataxxangelos\ataxx.php on line 93
[07-Jan-2025 22:02:02 Europe/Berlin] PHP Parse error:  syntax error, unexpected token "}", expecting "," or ";" in C:\xampp\htdocs\ADISE24_ataxxangelos\ataxx.php on line 93
[07-Jan-2025 22:02:05 Europe/Berlin] PHP Parse error:  syntax error, unexpected token "}", expecting "," or ";" in C:\xampp\htdocs\ADISE24_ataxxangelos\ataxx.php on line 93
[07-Jan-2025 22:02:08 Europe/Berlin] PHP Parse error:  syntax error, unexpected token "}", expecting "," or ";" in C:\xampp\htdocs\ADISE24_ataxxangelos\ataxx.php on line 93
[07-Jan-2025 22:02:12 Europe/Berlin] PHP Parse error:  syntax error, unexpected token "}", expecting "," or ";" in C:\xampp\htdocs\ADISE24_ataxxangelos\ataxx.php on line 93
[07-Jan-2025 22:02:15 Europe/Berlin] PHP Parse error:  syntax error, unexpected token "}", expecting "," or ";" in C:\xampp\htdocs\ADISE24_ataxxangelos\ataxx.php on line 93
[07-Jan-2025 22:02:18 Europe/Berlin] PHP Parse error:  syntax error, unexpected token "}", expecting "," or ";" in C:\xampp\htdocs\ADISE24_ataxxangelos\ataxx.php on line 93
[07-Jan-2025 22:02:21 Europe/Berlin] PHP Parse error:  syntax error, unexpected token "}", expecting "," or ";" in C:\xampp\htdocs\ADISE24_ataxxangelos\ataxx.php on line 93
[07-Jan-2025 22:02:24 Europe/Berlin] PHP Parse error:  syntax error, unexpected token "}", expecting "," or ";" in C:\xampp\htdocs\ADISE24_ataxxangelos\ataxx.php on line 93
[07-Jan-2025 22:02:27 Europe/Berlin] PHP Parse error:  syntax error, unexpected token "}", expecting "," or ";" in C:\xampp\htdocs\ADISE24_ataxxangelos\ataxx.php on line 93
[07-Jan-2025 22:02:30 Europe/Berlin] PHP Parse error:  syntax error, unexpected token "}", expecting "," or ";" in C:\xampp\htdocs\ADISE24_ataxxangelos\ataxx.php on line 93
[07-Jan-2025 22:02:33 Europe/Berlin] PHP Parse error:  syntax error, unexpected token "}", expecting "," or ";" in C:\xampp\htdocs\ADISE24_ataxxangelos\ataxx.php on line 93
[07-Jan-2025 22:02:36 Europe/Berlin] PHP Parse error:  syntax error, unexpected token "}", expecting "," or ";" in C:\xampp\htdocs\ADISE24_ataxxangelos\ataxx.php on line 93
[07-Jan-2025 22:02:39 Europe/Berlin] PHP Parse error:  syntax error, unexpected token "}", expecting "," or ";" in C:\xampp\htdocs\ADISE24_ataxxangelos\ataxx.php on line 93
[07-Jan-2025 22:02:42 Europe/Berlin] PHP Parse error:  syntax error, unexpected token "}", expecting "," or ";" in C:\xampp\htdocs\ADISE24_ataxxangelos\ataxx.php on line 93
[07-Jan-2025 22:02:45 Europe/Berlin] PHP Parse error:  syntax error, unexpected token "}", expecting "," or ";" in C:\xampp\htdocs\ADISE24_ataxxangelos\ataxx.php on line 93
[07-Jan-2025 22:02:48 Europe/Berlin] PHP Parse error:  syntax error, unexpected token "}", expecting "," or ";" in C:\xampp\htdocs\ADISE24_ataxxangelos\ataxx.php on line 93
[07-Jan-2025 22:02:51 Europe/Berlin] PHP Parse error:  syntax error, unexpected token "}", expecting "," or ";" in C:\xampp\htdocs\ADISE24_ataxxangelos\ataxx.php on line 93
[07-Jan-2025 22:02:54 Europe/Berlin] PHP Parse error:  syntax error, unexpected token "}", expecting "," or ";" in C:\xampp\htdocs\ADISE24_ataxxangelos\ataxx.php on line 93
[07-Jan-2025 22:02:57 Europe/Berlin] PHP Parse error:  syntax error, unexpected token "}", expecting "," or ";" in C:\xampp\htdocs\ADISE24_ataxxangelos\ataxx.php on line 93
[07-Jan-2025 22:03:00 Europe/Berlin] PHP Parse error:  syntax error, unexpected token "}", expecting "," or ";" in C:\xampp\htdocs\ADISE24_ataxxangelos\ataxx.php on line 93
[07-Jan-2025 22:03:03 Europe/Berlin] PHP Parse error:  syntax error, unexpected token "}", expecting "," or ";" in C:\xampp\htdocs\ADISE24_ataxxangelos\ataxx.php on line 93
[07-Jan-2025 22:03:06 Europe/Berlin] PHP Parse error:  syntax error, unexpected token "}", expecting "," or ";" in C:\xampp\htdocs\ADISE24_ataxxangelos\ataxx.php on line 93
[07-Jan-2025 22:04:03 Europe/Berlin] PHP Parse error:  syntax error, unexpected token "}", expecting "," or ";" in C:\xampp\htdocs\ADISE24_ataxxangelos\ataxx.php on line 93
[07-Jan-2025 22:05:03 Europe/Berlin] PHP Parse error:  syntax error, unexpected token "}", expecting "," or ";" in C:\xampp\htdocs\ADISE24_ataxxangelos\ataxx.php on line 93
[07-Jan-2025 22:06:03 Europe/Berlin] PHP Parse error:  syntax error, unexpected token "}", expecting "," or ";" in C:\xampp\htdocs\ADISE24_ataxxangelos\ataxx.php on line 93
[07-Jan-2025 22:06:05 Europe/Berlin] PHP Parse error:  syntax error, unexpected token "}", expecting "," or ";" in C:\xampp\htdocs\ADISE24_ataxxangelos\ataxx.php on line 93
[07-Jan-2025 22:06:09 Europe/Berlin] PHP Parse error:  syntax error, unexpected token "}", expecting "," or ";" in C:\xampp\htdocs\ADISE24_ataxxangelos\ataxx.php on line 93
[07-Jan-2025 22:06:12 Europe/Berlin] PHP Parse error:  syntax error, unexpected token "}", expecting "," or ";" in C:\xampp\htdocs\ADISE24_ataxxangelos\ataxx.php on line 93
[07-Jan-2025 22:06:15 Europe/Berlin] PHP Parse error:  syntax error, unexpected token "}", expecting "," or ";" in C:\xampp\htdocs\ADISE24_ataxxangelos\ataxx.php on line 93
[07-Jan-2025 22:06:18 Europe/Berlin] PHP Parse error:  syntax error, unexpected token "}", expecting "," or ";" in C:\xampp\htdocs\ADISE24_ataxxangelos\ataxx.php on line 93
[07-Jan-2025 22:06:21 Europe/Berlin] PHP Parse error:  syntax error, unexpected token "}", expecting "," or ";" in C:\xampp\htdocs\ADISE24_ataxxangelos\ataxx.php on line 93
[07-Jan-2025 22:06:24 Europe/Berlin] PHP Parse error:  syntax error, unexpected token "}", expecting "," or ";" in C:\xampp\htdocs\ADISE24_ataxxangelos\ataxx.php on line 93
[07-Jan-2025 22:06:27 Europe/Berlin] PHP Parse error:  syntax error, unexpected token "}", expecting "," or ";" in C:\xampp\htdocs\ADISE24_ataxxangelos\ataxx.php on line 93
[07-Jan-2025 22:06:30 Europe/Berlin] PHP Parse error:  syntax error, unexpected token "}", expecting "," or ";" in C:\xampp\htdocs\ADISE24_ataxxangelos\ataxx.php on line 93
[07-Jan-2025 22:06:33 Europe/Berlin] PHP Parse error:  syntax error, unexpected token "}", expecting "," or ";" in C:\xampp\htdocs\ADISE24_ataxxangelos\ataxx.php on line 93
[07-Jan-2025 22:06:35 Europe/Berlin] PHP Parse error:  syntax error, unexpected token "}", expecting "," or ";" in C:\xampp\htdocs\ADISE24_ataxxangelos\ataxx.php on line 93
[07-Jan-2025 22:06:39 Europe/Berlin] PHP Parse error:  syntax error, unexpected token "}", expecting "," or ";" in C:\xampp\htdocs\ADISE24_ataxxangelos\ataxx.php on line 93
[07-Jan-2025 22:06:42 Europe/Berlin] PHP Parse error:  syntax error, unexpected token "}", expecting "," or ";" in C:\xampp\htdocs\ADISE24_ataxxangelos\ataxx.php on line 93
[07-Jan-2025 22:06:45 Europe/Berlin] PHP Parse error:  syntax error, unexpected token "}", expecting "," or ";" in C:\xampp\htdocs\ADISE24_ataxxangelos\ataxx.php on line 93
[07-Jan-2025 22:06:48 Europe/Berlin] PHP Parse error:  syntax error, unexpected token "}", expecting "," or ";" in C:\xampp\htdocs\ADISE24_ataxxangelos\ataxx.php on line 93
[07-Jan-2025 22:06:51 Europe/Berlin] PHP Parse error:  syntax error, unexpected token "}", expecting "," or ";" in C:\xampp\htdocs\ADISE24_ataxxangelos\ataxx.php on line 93
[07-Jan-2025 22:06:54 Europe/Berlin] PHP Parse error:  syntax error, unexpected token "}", expecting "," or ";" in C:\xampp\htdocs\ADISE24_ataxxangelos\ataxx.php on line 93
[07-Jan-2025 22:06:57 Europe/Berlin] PHP Parse error:  syntax error, unexpected token "}", expecting "," or ";" in C:\xampp\htdocs\ADISE24_ataxxangelos\ataxx.php on line 93
[07-Jan-2025 22:07:00 Europe/Berlin] PHP Parse error:  syntax error, unexpected token "}", expecting "," or ";" in C:\xampp\htdocs\ADISE24_ataxxangelos\ataxx.php on line 93
[07-Jan-2025 22:07:03 Europe/Berlin] PHP Parse error:  syntax error, unexpected token "}", expecting "," or ";" in C:\xampp\htdocs\ADISE24_ataxxangelos\ataxx.php on line 93
[07-Jan-2025 22:07:06 Europe/Berlin] PHP Parse error:  syntax error, unexpected token "}", expecting "," or ";" in C:\xampp\htdocs\ADISE24_ataxxangelos\ataxx.php on line 93
[07-Jan-2025 22:07:09 Europe/Berlin] PHP Parse error:  syntax error, unexpected token "}", expecting "," or ";" in C:\xampp\htdocs\ADISE24_ataxxangelos\ataxx.php on line 93
[07-Jan-2025 22:07:12 Europe/Berlin] PHP Parse error:  syntax error, unexpected token "}", expecting "," or ";" in C:\xampp\htdocs\ADISE24_ataxxangelos\ataxx.php on line 93
[07-Jan-2025 22:07:15 Europe/Berlin] PHP Parse error:  syntax error, unexpected token "}", expecting "," or ";" in C:\xampp\htdocs\ADISE24_ataxxangelos\ataxx.php on line 93
[07-Jan-2025 22:07:18 Europe/Berlin] PHP Parse error:  syntax error, unexpected token "}", expecting "," or ";" in C:\xampp\htdocs\ADISE24_ataxxangelos\ataxx.php on line 93
[07-Jan-2025 22:07:21 Europe/Berlin] PHP Parse error:  syntax error, unexpected token "}", expecting "," or ";" in C:\xampp\htdocs\ADISE24_ataxxangelos\ataxx.php on line 93
[07-Jan-2025 22:07:24 Europe/Berlin] PHP Parse error:  syntax error, unexpected token "}", expecting "," or ";" in C:\xampp\htdocs\ADISE24_ataxxangelos\ataxx.php on line 93
[07-Jan-2025 22:07:27 Europe/Berlin] PHP Parse error:  syntax error, unexpected token "}", expecting "," or ";" in C:\xampp\htdocs\ADISE24_ataxxangelos\ataxx.php on line 93
[07-Jan-2025 22:07:30 Europe/Berlin] PHP Parse error:  syntax error, unexpected token "}", expecting "," or ";" in C:\xampp\htdocs\ADISE24_ataxxangelos\ataxx.php on line 93
[07-Jan-2025 22:07:33 Europe/Berlin] PHP Parse error:  syntax error, unexpected token "}", expecting "," or ";" in C:\xampp\htdocs\ADISE24_ataxxangelos\ataxx.php on line 93
[07-Jan-2025 22:08:03 Europe/Berlin] PHP Parse error:  syntax error, unexpected token "}", expecting "," or ";" in C:\xampp\htdocs\ADISE24_ataxxangelos\ataxx.php on line 93
[07-Jan-2025 22:09:03 Europe/Berlin] PHP Parse error:  syntax error, unexpected token "}", expecting "," or ";" in C:\xampp\htdocs\ADISE24_ataxxangelos\ataxx.php on line 93
[07-Jan-2025 22:09:05 Europe/Berlin] PHP Parse error:  syntax error, unexpected token "}", expecting "," or ";" in C:\xampp\htdocs\ADISE24_ataxxangelos\ataxx.php on line 93
[07-Jan-2025 22:09:09 Europe/Berlin] PHP Parse error:  syntax error, unexpected token "}", expecting "," or ";" in C:\xampp\htdocs\ADISE24_ataxxangelos\ataxx.php on line 93
[07-Jan-2025 22:09:12 Europe/Berlin] PHP Parse error:  syntax error, unexpected token "}", expecting "," or ";" in C:\xampp\htdocs\ADISE24_ataxxangelos\ataxx.php on line 93
[07-Jan-2025 22:09:15 Europe/Berlin] PHP Parse error:  syntax error, unexpected token "}", expecting "," or ";" in C:\xampp\htdocs\ADISE24_ataxxangelos\ataxx.php on line 93
[07-Jan-2025 22:09:18 Europe/Berlin] PHP Parse error:  syntax error, unexpected token "}", expecting "," or ";" in C:\xampp\htdocs\ADISE24_ataxxangelos\ataxx.php on line 93
[07-Jan-2025 22:09:21 Europe/Berlin] PHP Parse error:  syntax error, unexpected token "}", expecting "," or ";" in C:\xampp\htdocs\ADISE24_ataxxangelos\ataxx.php on line 93
[07-Jan-2025 22:09:24 Europe/Berlin] PHP Parse error:  syntax error, unexpected token "}", expecting "," or ";" in C:\xampp\htdocs\ADISE24_ataxxangelos\ataxx.php on line 93
[07-Jan-2025 22:09:27 Europe/Berlin] PHP Parse error:  syntax error, unexpected token "}", expecting "," or ";" in C:\xampp\htdocs\ADISE24_ataxxangelos\ataxx.php on line 93
[07-Jan-2025 22:09:30 Europe/Berlin] PHP Parse error:  syntax error, unexpected token "}", expecting "," or ";" in C:\xampp\htdocs\ADISE24_ataxxangelos\ataxx.php on line 93
[07-Jan-2025 22:09:33 Europe/Berlin] PHP Parse error:  syntax error, unexpected token "}", expecting "," or ";" in C:\xampp\htdocs\ADISE24_ataxxangelos\ataxx.php on line 93
[07-Jan-2025 22:09:36 Europe/Berlin] PHP Parse error:  syntax error, unexpected token "}", expecting "," or ";" in C:\xampp\htdocs\ADISE24_ataxxangelos\ataxx.php on line 93
[07-Jan-2025 22:09:39 Europe/Berlin] PHP Parse error:  syntax error, unexpected token "}", expecting "," or ";" in C:\xampp\htdocs\ADISE24_ataxxangelos\ataxx.php on line 93
[07-Jan-2025 22:09:42 Europe/Berlin] PHP Parse error:  syntax error, unexpected token "}", expecting "," or ";" in C:\xampp\htdocs\ADISE24_ataxxangelos\ataxx.php on line 93
[07-Jan-2025 22:09:45 Europe/Berlin] PHP Parse error:  syntax error, unexpected token "}", expecting "," or ";" in C:\xampp\htdocs\ADISE24_ataxxangelos\ataxx.php on line 93
[07-Jan-2025 22:09:48 Europe/Berlin] PHP Parse error:  syntax error, unexpected token "}", expecting "," or ";" in C:\xampp\htdocs\ADISE24_ataxxangelos\ataxx.php on line 93
[07-Jan-2025 22:09:51 Europe/Berlin] PHP Parse error:  syntax error, unexpected token "}", expecting "," or ";" in C:\xampp\htdocs\ADISE24_ataxxangelos\ataxx.php on line 93
[07-Jan-2025 22:09:54 Europe/Berlin] PHP Parse error:  syntax error, unexpected token "}", expecting "," or ";" in C:\xampp\htdocs\ADISE24_ataxxangelos\ataxx.php on line 93
[07-Jan-2025 22:09:57 Europe/Berlin] PHP Parse error:  syntax error, unexpected token "}", expecting "," or ";" in C:\xampp\htdocs\ADISE24_ataxxangelos\ataxx.php on line 93
[07-Jan-2025 22:10:00 Europe/Berlin] PHP Parse error:  syntax error, unexpected token "}", expecting "," or ";" in C:\xampp\htdocs\ADISE24_ataxxangelos\ataxx.php on line 93
[07-Jan-2025 22:10:03 Europe/Berlin] PHP Parse error:  syntax error, unexpected token "}", expecting "," or ";" in C:\xampp\htdocs\ADISE24_ataxxangelos\ataxx.php on line 93
[07-Jan-2025 22:10:06 Europe/Berlin] PHP Parse error:  syntax error, unexpected token "}", expecting "," or ";" in C:\xampp\htdocs\ADISE24_ataxxangelos\ataxx.php on line 93
[07-Jan-2025 22:10:29 Europe/Berlin] PHP Parse error:  syntax error, unexpected token "}", expecting "," or ";" in C:\xampp\htdocs\ADISE24_ataxxangelos\ataxx.php on line 93
[07-Jan-2025 22:10:33 Europe/Berlin] PHP Parse error:  syntax error, unexpected token "}", expecting "," or ";" in C:\xampp\htdocs\ADISE24_ataxxangelos\ataxx.php on line 93
[07-Jan-2025 22:10:36 Europe/Berlin] PHP Parse error:  syntax error, unexpected token "}", expecting "," or ";" in C:\xampp\htdocs\ADISE24_ataxxangelos\ataxx.php on line 93
[07-Jan-2025 22:10:39 Europe/Berlin] PHP Parse error:  syntax error, unexpected token "}", expecting "," or ";" in C:\xampp\htdocs\ADISE24_ataxxangelos\ataxx.php on line 93
[07-Jan-2025 22:10:41 Europe/Berlin] PHP Parse error:  syntax error, unexpected token "}", expecting "," or ";" in C:\xampp\htdocs\ADISE24_ataxxangelos\ataxx.php on line 93
[07-Jan-2025 22:10:45 Europe/Berlin] PHP Parse error:  syntax error, unexpected token "}", expecting "," or ";" in C:\xampp\htdocs\ADISE24_ataxxangelos\ataxx.php on line 93
[07-Jan-2025 22:10:48 Europe/Berlin] PHP Parse error:  syntax error, unexpected token "}", expecting "," or ";" in C:\xampp\htdocs\ADISE24_ataxxangelos\ataxx.php on line 93
[07-Jan-2025 22:10:51 Europe/Berlin] PHP Parse error:  syntax error, unexpected token "}", expecting "," or ";" in C:\xampp\htdocs\ADISE24_ataxxangelos\ataxx.php on line 93
[07-Jan-2025 22:10:54 Europe/Berlin] PHP Parse error:  syntax error, unexpected token "}", expecting "," or ";" in C:\xampp\htdocs\ADISE24_ataxxangelos\ataxx.php on line 93
[07-Jan-2025 22:10:57 Europe/Berlin] PHP Parse error:  syntax error, unexpected token "}", expecting "," or ";" in C:\xampp\htdocs\ADISE24_ataxxangelos\ataxx.php on line 93
[07-Jan-2025 22:11:00 Europe/Berlin] PHP Parse error:  syntax error, unexpected token "}", expecting "," or ";" in C:\xampp\htdocs\ADISE24_ataxxangelos\ataxx.php on line 93
[07-Jan-2025 22:11:03 Europe/Berlin] PHP Parse error:  syntax error, unexpected token "}", expecting "," or ";" in C:\xampp\htdocs\ADISE24_ataxxangelos\ataxx.php on line 93
[07-Jan-2025 22:11:06 Europe/Berlin] PHP Parse error:  syntax error, unexpected token "}", expecting "," or ";" in C:\xampp\htdocs\ADISE24_ataxxangelos\ataxx.php on line 93
[07-Jan-2025 22:11:09 Europe/Berlin] PHP Parse error:  syntax error, unexpected token "}", expecting "," or ";" in C:\xampp\htdocs\ADISE24_ataxxangelos\ataxx.php on line 93
[07-Jan-2025 22:11:12 Europe/Berlin] PHP Parse error:  syntax error, unexpected token "}", expecting "," or ";" in C:\xampp\htdocs\ADISE24_ataxxangelos\ataxx.php on line 93
[07-Jan-2025 22:11:15 Europe/Berlin] PHP Parse error:  syntax error, unexpected token "}", expecting "," or ";" in C:\xampp\htdocs\ADISE24_ataxxangelos\ataxx.php on line 93
[07-Jan-2025 22:11:18 Europe/Berlin] PHP Parse error:  syntax error, unexpected token "}", expecting "," or ";" in C:\xampp\htdocs\ADISE24_ataxxangelos\ataxx.php on line 93
[07-Jan-2025 22:11:21 Europe/Berlin] PHP Parse error:  syntax error, unexpected token "}", expecting "," or ";" in C:\xampp\htdocs\ADISE24_ataxxangelos\ataxx.php on line 93
[07-Jan-2025 22:11:24 Europe/Berlin] PHP Parse error:  syntax error, unexpected token "}", expecting "," or ";" in C:\xampp\htdocs\ADISE24_ataxxangelos\ataxx.php on line 93
[07-Jan-2025 22:11:27 Europe/Berlin] PHP Parse error:  syntax error, unexpected token "}", expecting "," or ";" in C:\xampp\htdocs\ADISE24_ataxxangelos\ataxx.php on line 93
[07-Jan-2025 22:11:30 Europe/Berlin] PHP Parse error:  syntax error, unexpected token "}", expecting "," or ";" in C:\xampp\htdocs\ADISE24_ataxxangelos\ataxx.php on line 93
[07-Jan-2025 22:11:33 Europe/Berlin] PHP Parse error:  syntax error, unexpected token "}", expecting "," or ";" in C:\xampp\htdocs\ADISE24_ataxxangelos\ataxx.php on line 93
[07-Jan-2025 22:11:36 Europe/Berlin] PHP Parse error:  syntax error, unexpected token "}", expecting "," or ";" in C:\xampp\htdocs\ADISE24_ataxxangelos\ataxx.php on line 93
[07-Jan-2025 22:11:39 Europe/Berlin] PHP Parse error:  syntax error, unexpected token "}", expecting "," or ";" in C:\xampp\htdocs\ADISE24_ataxxangelos\ataxx.php on line 93
[07-Jan-2025 22:11:42 Europe/Berlin] PHP Parse error:  syntax error, unexpected token "}", expecting "," or ";" in C:\xampp\htdocs\ADISE24_ataxxangelos\ataxx.php on line 93
[07-Jan-2025 22:12:03 Europe/Berlin] PHP Parse error:  syntax error, unexpected token "}", expecting "," or ";" in C:\xampp\htdocs\ADISE24_ataxxangelos\ataxx.php on line 93
[07-Jan-2025 22:12:25 Europe/Berlin] PHP Parse error:  syntax error, unexpected token "}", expecting "," or ";" in C:\xampp\htdocs\ADISE24_ataxxangelos\ataxx.php on line 93
[07-Jan-2025 22:12:26 Europe/Berlin] PHP Parse error:  syntax error, unexpected token "}", expecting "," or ";" in C:\xampp\htdocs\ADISE24_ataxxangelos\ataxx.php on line 93
[07-Jan-2025 22:12:30 Europe/Berlin] PHP Parse error:  syntax error, unexpected token "}", expecting "," or ";" in C:\xampp\htdocs\ADISE24_ataxxangelos\ataxx.php on line 93
[07-Jan-2025 22:12:33 Europe/Berlin] PHP Parse error:  syntax error, unexpected token "}", expecting "," or ";" in C:\xampp\htdocs\ADISE24_ataxxangelos\ataxx.php on line 93
[07-Jan-2025 22:12:36 Europe/Berlin] PHP Parse error:  syntax error, unexpected token "}", expecting "," or ";" in C:\xampp\htdocs\ADISE24_ataxxangelos\ataxx.php on line 93
[07-Jan-2025 22:12:39 Europe/Berlin] PHP Parse error:  syntax error, unexpected token "}", expecting "," or ";" in C:\xampp\htdocs\ADISE24_ataxxangelos\ataxx.php on line 93
[07-Jan-2025 22:12:42 Europe/Berlin] PHP Parse error:  syntax error, unexpected token "}", expecting "," or ";" in C:\xampp\htdocs\ADISE24_ataxxangelos\ataxx.php on line 93
[07-Jan-2025 22:12:45 Europe/Berlin] PHP Parse error:  syntax error, unexpected token "}", expecting "," or ";" in C:\xampp\htdocs\ADISE24_ataxxangelos\ataxx.php on line 93
[07-Jan-2025 22:12:48 Europe/Berlin] PHP Parse error:  syntax error, unexpected token "}", expecting "," or ";" in C:\xampp\htdocs\ADISE24_ataxxangelos\ataxx.php on line 93
[07-Jan-2025 22:12:51 Europe/Berlin] PHP Parse error:  syntax error, unexpected token "}", expecting "," or ";" in C:\xampp\htdocs\ADISE24_ataxxangelos\ataxx.php on line 93
[07-Jan-2025 22:12:54 Europe/Berlin] PHP Parse error:  syntax error, unexpected token "}", expecting "," or ";" in C:\xampp\htdocs\ADISE24_ataxxangelos\ataxx.php on line 93
[07-Jan-2025 22:12:57 Europe/Berlin] PHP Parse error:  syntax error, unexpected token "}", expecting "," or ";" in C:\xampp\htdocs\ADISE24_ataxxangelos\ataxx.php on line 93
[07-Jan-2025 22:13:00 Europe/Berlin] PHP Parse error:  syntax error, unexpected token "}", expecting "," or ";" in C:\xampp\htdocs\ADISE24_ataxxangelos\ataxx.php on line 93
[07-Jan-2025 22:13:03 Europe/Berlin] PHP Parse error:  syntax error, unexpected token "}", expecting "," or ";" in C:\xampp\htdocs\ADISE24_ataxxangelos\ataxx.php on line 93
[07-Jan-2025 22:13:06 Europe/Berlin] PHP Parse error:  syntax error, unexpected token "}", expecting "," or ";" in C:\xampp\htdocs\ADISE24_ataxxangelos\ataxx.php on line 93
[07-Jan-2025 22:13:09 Europe/Berlin] PHP Parse error:  syntax error, unexpected token "}", expecting "," or ";" in C:\xampp\htdocs\ADISE24_ataxxangelos\ataxx.php on line 93
[07-Jan-2025 22:13:12 Europe/Berlin] PHP Parse error:  syntax error, unexpected token "}", expecting "," or ";" in C:\xampp\htdocs\ADISE24_ataxxangelos\ataxx.php on line 93
[07-Jan-2025 22:13:15 Europe/Berlin] PHP Parse error:  syntax error, unexpected token "}", expecting "," or ";" in C:\xampp\htdocs\ADISE24_ataxxangelos\ataxx.php on line 93
[07-Jan-2025 22:13:18 Europe/Berlin] PHP Parse error:  syntax error, unexpected token "}", expecting "," or ";" in C:\xampp\htdocs\ADISE24_ataxxangelos\ataxx.php on line 93
[07-Jan-2025 22:13:21 Europe/Berlin] PHP Parse error:  syntax error, unexpected token "}", expecting "," or ";" in C:\xampp\htdocs\ADISE24_ataxxangelos\ataxx.php on line 93
[07-Jan-2025 22:13:24 Europe/Berlin] PHP Parse error:  syntax error, unexpected token "}", expecting "," or ";" in C:\xampp\htdocs\ADISE24_ataxxangelos\ataxx.php on line 93
[07-Jan-2025 22:14:03 Europe/Berlin] PHP Parse error:  syntax error, unexpected token "}", expecting "," or ";" in C:\xampp\htdocs\ADISE24_ataxxangelos\ataxx.php on line 93
[07-Jan-2025 22:15:03 Europe/Berlin] PHP Parse error:  syntax error, unexpected token "}", expecting "," or ";" in C:\xampp\htdocs\ADISE24_ataxxangelos\ataxx.php on line 93
[07-Jan-2025 22:16:03 Europe/Berlin] PHP Parse error:  syntax error, unexpected token "}", expecting "," or ";" in C:\xampp\htdocs\ADISE24_ataxxangelos\ataxx.php on line 93
[07-Jan-2025 22:17:03 Europe/Berlin] PHP Parse error:  syntax error, unexpected token "}", expecting "," or ";" in C:\xampp\htdocs\ADISE24_ataxxangelos\ataxx.php on line 93
[07-Jan-2025 22:18:03 Europe/Berlin] PHP Parse error:  syntax error, unexpected token "}", expecting "," or ";" in C:\xampp\htdocs\ADISE24_ataxxangelos\ataxx.php on line 93
[07-Jan-2025 22:19:03 Europe/Berlin] PHP Parse error:  syntax error, unexpected token "}", expecting "," or ";" in C:\xampp\htdocs\ADISE24_ataxxangelos\ataxx.php on line 93
[07-Jan-2025 22:19:54 Europe/Berlin] PHP Parse error:  syntax error, unexpected token "}", expecting "," or ";" in C:\xampp\htdocs\ADISE24_ataxxangelos\ataxx.php on line 93
[07-Jan-2025 22:19:56 Europe/Berlin] PHP Parse error:  syntax error, unexpected token "}", expecting "," or ";" in C:\xampp\htdocs\ADISE24_ataxxangelos\ataxx.php on line 93
[07-Jan-2025 22:19:59 Europe/Berlin] PHP Parse error:  syntax error, unexpected token "}", expecting "," or ";" in C:\xampp\htdocs\ADISE24_ataxxangelos\ataxx.php on line 93
[07-Jan-2025 22:20:02 Europe/Berlin] PHP Parse error:  syntax error, unexpected token "}", expecting "," or ";" in C:\xampp\htdocs\ADISE24_ataxxangelos\ataxx.php on line 93
[07-Jan-2025 22:20:05 Europe/Berlin] PHP Parse error:  syntax error, unexpected token "}", expecting "," or ";" in C:\xampp\htdocs\ADISE24_ataxxangelos\ataxx.php on line 93
[07-Jan-2025 22:20:08 Europe/Berlin] PHP Parse error:  syntax error, unexpected token "}", expecting "," or ";" in C:\xampp\htdocs\ADISE24_ataxxangelos\ataxx.php on line 93
[07-Jan-2025 22:20:11 Europe/Berlin] PHP Parse error:  syntax error, unexpected token "}", expecting "," or ";" in C:\xampp\htdocs\ADISE24_ataxxangelos\ataxx.php on line 93
[07-Jan-2025 22:20:14 Europe/Berlin] PHP Parse error:  syntax error, unexpected token "}", expecting "," or ";" in C:\xampp\htdocs\ADISE24_ataxxangelos\ataxx.php on line 93
[07-Jan-2025 22:20:17 Europe/Berlin] PHP Parse error:  syntax error, unexpected token "}", expecting "," or ";" in C:\xampp\htdocs\ADISE24_ataxxangelos\ataxx.php on line 93
[07-Jan-2025 22:20:20 Europe/Berlin] PHP Parse error:  syntax error, unexpected token "}", expecting "," or ";" in C:\xampp\htdocs\ADISE24_ataxxangelos\ataxx.php on line 93
[07-Jan-2025 22:20:23 Europe/Berlin] PHP Parse error:  syntax error, unexpected token "}", expecting "," or ";" in C:\xampp\htdocs\ADISE24_ataxxangelos\ataxx.php on line 93
[07-Jan-2025 22:20:26 Europe/Berlin] PHP Parse error:  syntax error, unexpected token "}", expecting "," or ";" in C:\xampp\htdocs\ADISE24_ataxxangelos\ataxx.php on line 93
[07-Jan-2025 22:20:29 Europe/Berlin] PHP Parse error:  syntax error, unexpected token "}", expecting "," or ";" in C:\xampp\htdocs\ADISE24_ataxxangelos\ataxx.php on line 93
[07-Jan-2025 22:20:32 Europe/Berlin] PHP Parse error:  syntax error, unexpected token "}", expecting "," or ";" in C:\xampp\htdocs\ADISE24_ataxxangelos\ataxx.php on line 93
[07-Jan-2025 22:20:35 Europe/Berlin] PHP Parse error:  syntax error, unexpected token "}", expecting "," or ";" in C:\xampp\htdocs\ADISE24_ataxxangelos\ataxx.php on line 93
[07-Jan-2025 22:20:38 Europe/Berlin] PHP Parse error:  syntax error, unexpected token "}", expecting "," or ";" in C:\xampp\htdocs\ADISE24_ataxxangelos\ataxx.php on line 93
[07-Jan-2025 22:20:41 Europe/Berlin] PHP Parse error:  syntax error, unexpected token "}", expecting "," or ";" in C:\xampp\htdocs\ADISE24_ataxxangelos\ataxx.php on line 93
[07-Jan-2025 22:20:44 Europe/Berlin] PHP Parse error:  syntax error, unexpected token "}", expecting "," or ";" in C:\xampp\htdocs\ADISE24_ataxxangelos\ataxx.php on line 93
[07-Jan-2025 22:20:47 Europe/Berlin] PHP Parse error:  syntax error, unexpected token "}", expecting "," or ";" in C:\xampp\htdocs\ADISE24_ataxxangelos\ataxx.php on line 93
[07-Jan-2025 22:20:50 Europe/Berlin] PHP Parse error:  syntax error, unexpected token "}", expecting "," or ";" in C:\xampp\htdocs\ADISE24_ataxxangelos\ataxx.php on line 93
[07-Jan-2025 22:20:53 Europe/Berlin] PHP Parse error:  syntax error, unexpected token "}", expecting "," or ";" in C:\xampp\htdocs\ADISE24_ataxxangelos\ataxx.php on line 93
[07-Jan-2025 22:20:56 Europe/Berlin] PHP Parse error:  syntax error, unexpected token "}", expecting "," or ";" in C:\xampp\htdocs\ADISE24_ataxxangelos\ataxx.php on line 93
[07-Jan-2025 22:20:59 Europe/Berlin] PHP Parse error:  syntax error, unexpected token "}", expecting "," or ";" in C:\xampp\htdocs\ADISE24_ataxxangelos\ataxx.php on line 93
[07-Jan-2025 22:21:02 Europe/Berlin] PHP Parse error:  syntax error, unexpected token "}", expecting "," or ";" in C:\xampp\htdocs\ADISE24_ataxxangelos\ataxx.php on line 93
[07-Jan-2025 22:21:05 Europe/Berlin] PHP Parse error:  syntax error, unexpected token "}", expecting "," or ";" in C:\xampp\htdocs\ADISE24_ataxxangelos\ataxx.php on line 93
[07-Jan-2025 22:21:08 Europe/Berlin] PHP Parse error:  syntax error, unexpected token "}", expecting "," or ";" in C:\xampp\htdocs\ADISE24_ataxxangelos\ataxx.php on line 93
[07-Jan-2025 22:21:11 Europe/Berlin] PHP Parse error:  syntax error, unexpected token "}", expecting "," or ";" in C:\xampp\htdocs\ADISE24_ataxxangelos\ataxx.php on line 93
[07-Jan-2025 22:21:14 Europe/Berlin] PHP Parse error:  syntax error, unexpected token "}", expecting "," or ";" in C:\xampp\htdocs\ADISE24_ataxxangelos\ataxx.php on line 93
[07-Jan-2025 22:21:17 Europe/Berlin] PHP Parse error:  syntax error, unexpected token "}", expecting "," or ";" in C:\xampp\htdocs\ADISE24_ataxxangelos\ataxx.php on line 93
[07-Jan-2025 22:21:20 Europe/Berlin] PHP Parse error:  syntax error, unexpected token "}", expecting "," or ";" in C:\xampp\htdocs\ADISE24_ataxxangelos\ataxx.php on line 93
[07-Jan-2025 22:21:23 Europe/Berlin] PHP Parse error:  syntax error, unexpected token "}", expecting "," or ";" in C:\xampp\htdocs\ADISE24_ataxxangelos\ataxx.php on line 93
[07-Jan-2025 22:21:26 Europe/Berlin] PHP Parse error:  syntax error, unexpected token "}", expecting "," or ";" in C:\xampp\htdocs\ADISE24_ataxxangelos\ataxx.php on line 93
[07-Jan-2025 22:21:26 Europe/Berlin] PHP Parse error:  syntax error, unexpected token "}", expecting "," or ";" in C:\xampp\htdocs\ADISE24_ataxxangelos\ataxx.php on line 93
[07-Jan-2025 22:21:29 Europe/Berlin] PHP Parse error:  syntax error, unexpected token "}", expecting "," or ";" in C:\xampp\htdocs\ADISE24_ataxxangelos\ataxx.php on line 93
[07-Jan-2025 22:21:32 Europe/Berlin] PHP Parse error:  syntax error, unexpected token "}", expecting "," or ";" in C:\xampp\htdocs\ADISE24_ataxxangelos\ataxx.php on line 93
[07-Jan-2025 22:21:35 Europe/Berlin] PHP Parse error:  syntax error, unexpected token "}", expecting "," or ";" in C:\xampp\htdocs\ADISE24_ataxxangelos\ataxx.php on line 93
[07-Jan-2025 22:21:38 Europe/Berlin] PHP Parse error:  syntax error, unexpected token "}", expecting "," or ";" in C:\xampp\htdocs\ADISE24_ataxxangelos\ataxx.php on line 93
[07-Jan-2025 22:21:41 Europe/Berlin] PHP Parse error:  syntax error, unexpected token "}", expecting "," or ";" in C:\xampp\htdocs\ADISE24_ataxxangelos\ataxx.php on line 93
[07-Jan-2025 22:21:44 Europe/Berlin] PHP Parse error:  syntax error, unexpected token "}", expecting "," or ";" in C:\xampp\htdocs\ADISE24_ataxxangelos\ataxx.php on line 93
[07-Jan-2025 22:21:48 Europe/Berlin] PHP Parse error:  syntax error, unexpected token "}", expecting "," or ";" in C:\xampp\htdocs\ADISE24_ataxxangelos\ataxx.php on line 93
[07-Jan-2025 22:22:36 Europe/Berlin] PHP Fatal error:  Uncaught ArgumentCountError: Too few arguments to function handle_status(), 1 passed in C:\xampp\htdocs\ADISE24_ataxxangelos\ataxx.php on line 33 and exactly 2 expected in C:\xampp\htdocs\ADISE24_ataxxangelos\ataxx.php:88
Stack trace:
#0 C:\xampp\htdocs\ADISE24_ataxxangelos\ataxx.php(33): handle_status('GET')
#1 {main}
  thrown in C:\xampp\htdocs\ADISE24_ataxxangelos\ataxx.php on line 88
[07-Jan-2025 22:22:39 Europe/Berlin] PHP Fatal error:  Uncaught ArgumentCountError: Too few arguments to function handle_status(), 1 passed in C:\xampp\htdocs\ADISE24_ataxxangelos\ataxx.php on line 33 and exactly 2 expected in C:\xampp\htdocs\ADISE24_ataxxangelos\ataxx.php:88
Stack trace:
#0 C:\xampp\htdocs\ADISE24_ataxxangelos\ataxx.php(33): handle_status('GET')
#1 {main}
  thrown in C:\xampp\htdocs\ADISE24_ataxxangelos\ataxx.php on line 88
[07-Jan-2025 22:22:42 Europe/Berlin] PHP Fatal error:  Uncaught ArgumentCountError: Too few arguments to function handle_status(), 1 passed in C:\xampp\htdocs\ADISE24_ataxxangelos\ataxx.php on line 33 and exactly 2 expected in C:\xampp\htdocs\ADISE24_ataxxangelos\ataxx.php:88
Stack trace:
#0 C:\xampp\htdocs\ADISE24_ataxxangelos\ataxx.php(33): handle_status('GET')
#1 {main}
  thrown in C:\xampp\htdocs\ADISE24_ataxxangelos\ataxx.php on line 88
[07-Jan-2025 22:22:45 Europe/Berlin] PHP Fatal error:  Uncaught ArgumentCountError: Too few arguments to function handle_status(), 1 passed in C:\xampp\htdocs\ADISE24_ataxxangelos\ataxx.php on line 33 and exactly 2 expected in C:\xampp\htdocs\ADISE24_ataxxangelos\ataxx.php:88
Stack trace:
#0 C:\xampp\htdocs\ADISE24_ataxxangelos\ataxx.php(33): handle_status('GET')
#1 {main}
  thrown in C:\xampp\htdocs\ADISE24_ataxxangelos\ataxx.php on line 88
[07-Jan-2025 22:22:48 Europe/Berlin] PHP Fatal error:  Uncaught ArgumentCountError: Too few arguments to function handle_status(), 1 passed in C:\xampp\htdocs\ADISE24_ataxxangelos\ataxx.php on line 33 and exactly 2 expected in C:\xampp\htdocs\ADISE24_ataxxangelos\ataxx.php:88
Stack trace:
#0 C:\xampp\htdocs\ADISE24_ataxxangelos\ataxx.php(33): handle_status('GET')
#1 {main}
  thrown in C:\xampp\htdocs\ADISE24_ataxxangelos\ataxx.php on line 88
[07-Jan-2025 22:22:51 Europe/Berlin] PHP Fatal error:  Uncaught ArgumentCountError: Too few arguments to function handle_status(), 1 passed in C:\xampp\htdocs\ADISE24_ataxxangelos\ataxx.php on line 33 and exactly 2 expected in C:\xampp\htdocs\ADISE24_ataxxangelos\ataxx.php:88
Stack trace:
#0 C:\xampp\htdocs\ADISE24_ataxxangelos\ataxx.php(33): handle_status('GET')
#1 {main}
  thrown in C:\xampp\htdocs\ADISE24_ataxxangelos\ataxx.php on line 88
[07-Jan-2025 22:22:54 Europe/Berlin] PHP Fatal error:  Uncaught ArgumentCountError: Too few arguments to function handle_status(), 1 passed in C:\xampp\htdocs\ADISE24_ataxxangelos\ataxx.php on line 33 and exactly 2 expected in C:\xampp\htdocs\ADISE24_ataxxangelos\ataxx.php:88
Stack trace:
#0 C:\xampp\htdocs\ADISE24_ataxxangelos\ataxx.php(33): handle_status('GET')
#1 {main}
  thrown in C:\xampp\htdocs\ADISE24_ataxxangelos\ataxx.php on line 88
[07-Jan-2025 22:22:57 Europe/Berlin] PHP Fatal error:  Uncaught ArgumentCountError: Too few arguments to function handle_status(), 1 passed in C:\xampp\htdocs\ADISE24_ataxxangelos\ataxx.php on line 33 and exactly 2 expected in C:\xampp\htdocs\ADISE24_ataxxangelos\ataxx.php:88
Stack trace:
#0 C:\xampp\htdocs\ADISE24_ataxxangelos\ataxx.php(33): handle_status('GET')
#1 {main}
  thrown in C:\xampp\htdocs\ADISE24_ataxxangelos\ataxx.php on line 88
[07-Jan-2025 22:23:00 Europe/Berlin] PHP Fatal error:  Uncaught ArgumentCountError: Too few arguments to function handle_status(), 1 passed in C:\xampp\htdocs\ADISE24_ataxxangelos\ataxx.php on line 33 and exactly 2 expected in C:\xampp\htdocs\ADISE24_ataxxangelos\ataxx.php:88
Stack trace:
#0 C:\xampp\htdocs\ADISE24_ataxxangelos\ataxx.php(33): handle_status('GET')
#1 {main}
  thrown in C:\xampp\htdocs\ADISE24_ataxxangelos\ataxx.php on line 88
[07-Jan-2025 22:23:03 Europe/Berlin] PHP Fatal error:  Uncaught ArgumentCountError: Too few arguments to function handle_status(), 1 passed in C:\xampp\htdocs\ADISE24_ataxxangelos\ataxx.php on line 33 and exactly 2 expected in C:\xampp\htdocs\ADISE24_ataxxangelos\ataxx.php:88
Stack trace:
#0 C:\xampp\htdocs\ADISE24_ataxxangelos\ataxx.php(33): handle_status('GET')
#1 {main}
  thrown in C:\xampp\htdocs\ADISE24_ataxxangelos\ataxx.php on line 88
[07-Jan-2025 22:23:06 Europe/Berlin] PHP Fatal error:  Uncaught ArgumentCountError: Too few arguments to function handle_status(), 1 passed in C:\xampp\htdocs\ADISE24_ataxxangelos\ataxx.php on line 33 and exactly 2 expected in C:\xampp\htdocs\ADISE24_ataxxangelos\ataxx.php:88
Stack trace:
#0 C:\xampp\htdocs\ADISE24_ataxxangelos\ataxx.php(33): handle_status('GET')
#1 {main}
  thrown in C:\xampp\htdocs\ADISE24_ataxxangelos\ataxx.php on line 88
[07-Jan-2025 22:23:09 Europe/Berlin] PHP Fatal error:  Uncaught ArgumentCountError: Too few arguments to function handle_status(), 1 passed in C:\xampp\htdocs\ADISE24_ataxxangelos\ataxx.php on line 33 and exactly 2 expected in C:\xampp\htdocs\ADISE24_ataxxangelos\ataxx.php:88
Stack trace:
#0 C:\xampp\htdocs\ADISE24_ataxxangelos\ataxx.php(33): handle_status('GET')
#1 {main}
  thrown in C:\xampp\htdocs\ADISE24_ataxxangelos\ataxx.php on line 88
[07-Jan-2025 22:23:12 Europe/Berlin] PHP Fatal error:  Uncaught ArgumentCountError: Too few arguments to function handle_status(), 1 passed in C:\xampp\htdocs\ADISE24_ataxxangelos\ataxx.php on line 33 and exactly 2 expected in C:\xampp\htdocs\ADISE24_ataxxangelos\ataxx.php:88
Stack trace:
#0 C:\xampp\htdocs\ADISE24_ataxxangelos\ataxx.php(33): handle_status('GET')
#1 {main}
  thrown in C:\xampp\htdocs\ADISE24_ataxxangelos\ataxx.php on line 88
[07-Jan-2025 22:23:15 Europe/Berlin] PHP Fatal error:  Uncaught ArgumentCountError: Too few arguments to function handle_status(), 1 passed in C:\xampp\htdocs\ADISE24_ataxxangelos\ataxx.php on line 33 and exactly 2 expected in C:\xampp\htdocs\ADISE24_ataxxangelos\ataxx.php:88
Stack trace:
#0 C:\xampp\htdocs\ADISE24_ataxxangelos\ataxx.php(33): handle_status('GET')
#1 {main}
  thrown in C:\xampp\htdocs\ADISE24_ataxxangelos\ataxx.php on line 88
[07-Jan-2025 22:23:18 Europe/Berlin] PHP Fatal error:  Uncaught ArgumentCountError: Too few arguments to function handle_status(), 1 passed in C:\xampp\htdocs\ADISE24_ataxxangelos\ataxx.php on line 33 and exactly 2 expected in C:\xampp\htdocs\ADISE24_ataxxangelos\ataxx.php:88
Stack trace:
#0 C:\xampp\htdocs\ADISE24_ataxxangelos\ataxx.php(33): handle_status('GET')
#1 {main}
  thrown in C:\xampp\htdocs\ADISE24_ataxxangelos\ataxx.php on line 88
[07-Jan-2025 22:23:21 Europe/Berlin] PHP Fatal error:  Uncaught ArgumentCountError: Too few arguments to function handle_status(), 1 passed in C:\xampp\htdocs\ADISE24_ataxxangelos\ataxx.php on line 33 and exactly 2 expected in C:\xampp\htdocs\ADISE24_ataxxangelos\ataxx.php:88
Stack trace:
#0 C:\xampp\htdocs\ADISE24_ataxxangelos\ataxx.php(33): handle_status('GET')
#1 {main}
  thrown in C:\xampp\htdocs\ADISE24_ataxxangelos\ataxx.php on line 88
[07-Jan-2025 22:23:24 Europe/Berlin] PHP Fatal error:  Uncaught ArgumentCountError: Too few arguments to function handle_status(), 1 passed in C:\xampp\htdocs\ADISE24_ataxxangelos\ataxx.php on line 33 and exactly 2 expected in C:\xampp\htdocs\ADISE24_ataxxangelos\ataxx.php:88
Stack trace:
#0 C:\xampp\htdocs\ADISE24_ataxxangelos\ataxx.php(33): handle_status('GET')
#1 {main}
  thrown in C:\xampp\htdocs\ADISE24_ataxxangelos\ataxx.php on line 88
[07-Jan-2025 22:23:27 Europe/Berlin] PHP Fatal error:  Uncaught ArgumentCountError: Too few arguments to function handle_status(), 1 passed in C:\xampp\htdocs\ADISE24_ataxxangelos\ataxx.php on line 33 and exactly 2 expected in C:\xampp\htdocs\ADISE24_ataxxangelos\ataxx.php:88
Stack trace:
#0 C:\xampp\htdocs\ADISE24_ataxxangelos\ataxx.php(33): handle_status('GET')
#1 {main}
  thrown in C:\xampp\htdocs\ADISE24_ataxxangelos\ataxx.php on line 88
[07-Jan-2025 22:23:30 Europe/Berlin] PHP Fatal error:  Uncaught ArgumentCountError: Too few arguments to function handle_status(), 1 passed in C:\xampp\htdocs\ADISE24_ataxxangelos\ataxx.php on line 33 and exactly 2 expected in C:\xampp\htdocs\ADISE24_ataxxangelos\ataxx.php:88
Stack trace:
#0 C:\xampp\htdocs\ADISE24_ataxxangelos\ataxx.php(33): handle_status('GET')
#1 {main}
  thrown in C:\xampp\htdocs\ADISE24_ataxxangelos\ataxx.php on line 88
[07-Jan-2025 22:23:33 Europe/Berlin] PHP Fatal error:  Uncaught ArgumentCountError: Too few arguments to function handle_status(), 1 passed in C:\xampp\htdocs\ADISE24_ataxxangelos\ataxx.php on line 33 and exactly 2 expected in C:\xampp\htdocs\ADISE24_ataxxangelos\ataxx.php:88
Stack trace:
#0 C:\xampp\htdocs\ADISE24_ataxxangelos\ataxx.php(33): handle_status('GET')
#1 {main}
  thrown in C:\xampp\htdocs\ADISE24_ataxxangelos\ataxx.php on line 88
[07-Jan-2025 22:23:36 Europe/Berlin] PHP Fatal error:  Uncaught ArgumentCountError: Too few arguments to function handle_status(), 1 passed in C:\xampp\htdocs\ADISE24_ataxxangelos\ataxx.php on line 33 and exactly 2 expected in C:\xampp\htdocs\ADISE24_ataxxangelos\ataxx.php:88
Stack trace:
#0 C:\xampp\htdocs\ADISE24_ataxxangelos\ataxx.php(33): handle_status('GET')
#1 {main}
  thrown in C:\xampp\htdocs\ADISE24_ataxxangelos\ataxx.php on line 88
[07-Jan-2025 22:23:39 Europe/Berlin] PHP Fatal error:  Uncaught ArgumentCountError: Too few arguments to function handle_status(), 1 passed in C:\xampp\htdocs\ADISE24_ataxxangelos\ataxx.php on line 33 and exactly 2 expected in C:\xampp\htdocs\ADISE24_ataxxangelos\ataxx.php:88
Stack trace:
#0 C:\xampp\htdocs\ADISE24_ataxxangelos\ataxx.php(33): handle_status('GET')
#1 {main}
  thrown in C:\xampp\htdocs\ADISE24_ataxxangelos\ataxx.php on line 88
[07-Jan-2025 22:23:42 Europe/Berlin] PHP Fatal error:  Uncaught ArgumentCountError: Too few arguments to function handle_status(), 1 passed in C:\xampp\htdocs\ADISE24_ataxxangelos\ataxx.php on line 33 and exactly 2 expected in C:\xampp\htdocs\ADISE24_ataxxangelos\ataxx.php:88
Stack trace:
#0 C:\xampp\htdocs\ADISE24_ataxxangelos\ataxx.php(33): handle_status('GET')
#1 {main}
  thrown in C:\xampp\htdocs\ADISE24_ataxxangelos\ataxx.php on line 88
[07-Jan-2025 22:23:45 Europe/Berlin] PHP Fatal error:  Uncaught ArgumentCountError: Too few arguments to function handle_status(), 1 passed in C:\xampp\htdocs\ADISE24_ataxxangelos\ataxx.php on line 33 and exactly 2 expected in C:\xampp\htdocs\ADISE24_ataxxangelos\ataxx.php:88
Stack trace:
#0 C:\xampp\htdocs\ADISE24_ataxxangelos\ataxx.php(33): handle_status('GET')
#1 {main}
  thrown in C:\xampp\htdocs\ADISE24_ataxxangelos\ataxx.php on line 88
[07-Jan-2025 22:23:48 Europe/Berlin] PHP Fatal error:  Uncaught ArgumentCountError: Too few arguments to function handle_status(), 1 passed in C:\xampp\htdocs\ADISE24_ataxxangelos\ataxx.php on line 33 and exactly 2 expected in C:\xampp\htdocs\ADISE24_ataxxangelos\ataxx.php:88
Stack trace:
#0 C:\xampp\htdocs\ADISE24_ataxxangelos\ataxx.php(33): handle_status('GET')
#1 {main}
  thrown in C:\xampp\htdocs\ADISE24_ataxxangelos\ataxx.php on line 88
[07-Jan-2025 22:23:51 Europe/Berlin] PHP Fatal error:  Uncaught ArgumentCountError: Too few arguments to function handle_status(), 1 passed in C:\xampp\htdocs\ADISE24_ataxxangelos\ataxx.php on line 33 and exactly 2 expected in C:\xampp\htdocs\ADISE24_ataxxangelos\ataxx.php:88
Stack trace:
#0 C:\xampp\htdocs\ADISE24_ataxxangelos\ataxx.php(33): handle_status('GET')
#1 {main}
  thrown in C:\xampp\htdocs\ADISE24_ataxxangelos\ataxx.php on line 88
[07-Jan-2025 22:23:54 Europe/Berlin] PHP Fatal error:  Uncaught ArgumentCountError: Too few arguments to function handle_status(), 1 passed in C:\xampp\htdocs\ADISE24_ataxxangelos\ataxx.php on line 33 and exactly 2 expected in C:\xampp\htdocs\ADISE24_ataxxangelos\ataxx.php:88
Stack trace:
#0 C:\xampp\htdocs\ADISE24_ataxxangelos\ataxx.php(33): handle_status('GET')
#1 {main}
  thrown in C:\xampp\htdocs\ADISE24_ataxxangelos\ataxx.php on line 88
[07-Jan-2025 22:23:57 Europe/Berlin] PHP Fatal error:  Uncaught ArgumentCountError: Too few arguments to function handle_status(), 1 passed in C:\xampp\htdocs\ADISE24_ataxxangelos\ataxx.php on line 33 and exactly 2 expected in C:\xampp\htdocs\ADISE24_ataxxangelos\ataxx.php:88
Stack trace:
#0 C:\xampp\htdocs\ADISE24_ataxxangelos\ataxx.php(33): handle_status('GET')
#1 {main}
  thrown in C:\xampp\htdocs\ADISE24_ataxxangelos\ataxx.php on line 88
[07-Jan-2025 22:24:00 Europe/Berlin] PHP Fatal error:  Uncaught ArgumentCountError: Too few arguments to function handle_status(), 1 passed in C:\xampp\htdocs\ADISE24_ataxxangelos\ataxx.php on line 33 and exactly 2 expected in C:\xampp\htdocs\ADISE24_ataxxangelos\ataxx.php:88
Stack trace:
#0 C:\xampp\htdocs\ADISE24_ataxxangelos\ataxx.php(33): handle_status('GET')
#1 {main}
  thrown in C:\xampp\htdocs\ADISE24_ataxxangelos\ataxx.php on line 88
[07-Jan-2025 22:24:03 Europe/Berlin] PHP Fatal error:  Uncaught ArgumentCountError: Too few arguments to function handle_status(), 1 passed in C:\xampp\htdocs\ADISE24_ataxxangelos\ataxx.php on line 33 and exactly 2 expected in C:\xampp\htdocs\ADISE24_ataxxangelos\ataxx.php:88
Stack trace:
#0 C:\xampp\htdocs\ADISE24_ataxxangelos\ataxx.php(33): handle_status('GET')
#1 {main}
  thrown in C:\xampp\htdocs\ADISE24_ataxxangelos\ataxx.php on line 88
[07-Jan-2025 22:24:06 Europe/Berlin] PHP Fatal error:  Uncaught ArgumentCountError: Too few arguments to function handle_status(), 1 passed in C:\xampp\htdocs\ADISE24_ataxxangelos\ataxx.php on line 33 and exactly 2 expected in C:\xampp\htdocs\ADISE24_ataxxangelos\ataxx.php:88
Stack trace:
#0 C:\xampp\htdocs\ADISE24_ataxxangelos\ataxx.php(33): handle_status('GET')
#1 {main}
  thrown in C:\xampp\htdocs\ADISE24_ataxxangelos\ataxx.php on line 88
[07-Jan-2025 22:24:09 Europe/Berlin] PHP Fatal error:  Uncaught ArgumentCountError: Too few arguments to function handle_status(), 1 passed in C:\xampp\htdocs\ADISE24_ataxxangelos\ataxx.php on line 33 and exactly 2 expected in C:\xampp\htdocs\ADISE24_ataxxangelos\ataxx.php:88
Stack trace:
#0 C:\xampp\htdocs\ADISE24_ataxxangelos\ataxx.php(33): handle_status('GET')
#1 {main}
  thrown in C:\xampp\htdocs\ADISE24_ataxxangelos\ataxx.php on line 88
[07-Jan-2025 22:24:12 Europe/Berlin] PHP Fatal error:  Uncaught ArgumentCountError: Too few arguments to function handle_status(), 1 passed in C:\xampp\htdocs\ADISE24_ataxxangelos\ataxx.php on line 33 and exactly 2 expected in C:\xampp\htdocs\ADISE24_ataxxangelos\ataxx.php:88
Stack trace:
#0 C:\xampp\htdocs\ADISE24_ataxxangelos\ataxx.php(33): handle_status('GET')
#1 {main}
  thrown in C:\xampp\htdocs\ADISE24_ataxxangelos\ataxx.php on line 88
[07-Jan-2025 22:24:15 Europe/Berlin] PHP Fatal error:  Uncaught ArgumentCountError: Too few arguments to function handle_status(), 1 passed in C:\xampp\htdocs\ADISE24_ataxxangelos\ataxx.php on line 33 and exactly 2 expected in C:\xampp\htdocs\ADISE24_ataxxangelos\ataxx.php:88
Stack trace:
#0 C:\xampp\htdocs\ADISE24_ataxxangelos\ataxx.php(33): handle_status('GET')
#1 {main}
  thrown in C:\xampp\htdocs\ADISE24_ataxxangelos\ataxx.php on line 88
[07-Jan-2025 22:24:18 Europe/Berlin] PHP Fatal error:  Uncaught ArgumentCountError: Too few arguments to function handle_status(), 1 passed in C:\xampp\htdocs\ADISE24_ataxxangelos\ataxx.php on line 33 and exactly 2 expected in C:\xampp\htdocs\ADISE24_ataxxangelos\ataxx.php:88
Stack trace:
#0 C:\xampp\htdocs\ADISE24_ataxxangelos\ataxx.php(33): handle_status('GET')
#1 {main}
  thrown in C:\xampp\htdocs\ADISE24_ataxxangelos\ataxx.php on line 88
[07-Jan-2025 22:24:21 Europe/Berlin] PHP Fatal error:  Uncaught ArgumentCountError: Too few arguments to function handle_status(), 1 passed in C:\xampp\htdocs\ADISE24_ataxxangelos\ataxx.php on line 33 and exactly 2 expected in C:\xampp\htdocs\ADISE24_ataxxangelos\ataxx.php:88
Stack trace:
#0 C:\xampp\htdocs\ADISE24_ataxxangelos\ataxx.php(33): handle_status('GET')
#1 {main}
  thrown in C:\xampp\htdocs\ADISE24_ataxxangelos\ataxx.php on line 88
[07-Jan-2025 22:24:24 Europe/Berlin] PHP Fatal error:  Uncaught ArgumentCountError: Too few arguments to function handle_status(), 1 passed in C:\xampp\htdocs\ADISE24_ataxxangelos\ataxx.php on line 33 and exactly 2 expected in C:\xampp\htdocs\ADISE24_ataxxangelos\ataxx.php:88
Stack trace:
#0 C:\xampp\htdocs\ADISE24_ataxxangelos\ataxx.php(33): handle_status('GET')
#1 {main}
  thrown in C:\xampp\htdocs\ADISE24_ataxxangelos\ataxx.php on line 88
[07-Jan-2025 22:24:27 Europe/Berlin] PHP Fatal error:  Uncaught ArgumentCountError: Too few arguments to function handle_status(), 1 passed in C:\xampp\htdocs\ADISE24_ataxxangelos\ataxx.php on line 33 and exactly 2 expected in C:\xampp\htdocs\ADISE24_ataxxangelos\ataxx.php:88
Stack trace:
#0 C:\xampp\htdocs\ADISE24_ataxxangelos\ataxx.php(33): handle_status('GET')
#1 {main}
  thrown in C:\xampp\htdocs\ADISE24_ataxxangelos\ataxx.php on line 88
[07-Jan-2025 22:24:30 Europe/Berlin] PHP Fatal error:  Uncaught ArgumentCountError: Too few arguments to function handle_status(), 1 passed in C:\xampp\htdocs\ADISE24_ataxxangelos\ataxx.php on line 33 and exactly 2 expected in C:\xampp\htdocs\ADISE24_ataxxangelos\ataxx.php:88
Stack trace:
#0 C:\xampp\htdocs\ADISE24_ataxxangelos\ataxx.php(33): handle_status('GET')
#1 {main}
  thrown in C:\xampp\htdocs\ADISE24_ataxxangelos\ataxx.php on line 88
[07-Jan-2025 22:24:33 Europe/Berlin] PHP Fatal error:  Uncaught ArgumentCountError: Too few arguments to function handle_status(), 1 passed in C:\xampp\htdocs\ADISE24_ataxxangelos\ataxx.php on line 33 and exactly 2 expected in C:\xampp\htdocs\ADISE24_ataxxangelos\ataxx.php:88
Stack trace:
#0 C:\xampp\htdocs\ADISE24_ataxxangelos\ataxx.php(33): handle_status('GET')
#1 {main}
  thrown in C:\xampp\htdocs\ADISE24_ataxxangelos\ataxx.php on line 88
[07-Jan-2025 22:24:36 Europe/Berlin] PHP Fatal error:  Uncaught ArgumentCountError: Too few arguments to function handle_status(), 1 passed in C:\xampp\htdocs\ADISE24_ataxxangelos\ataxx.php on line 33 and exactly 2 expected in C:\xampp\htdocs\ADISE24_ataxxangelos\ataxx.php:88
Stack trace:
#0 C:\xampp\htdocs\ADISE24_ataxxangelos\ataxx.php(33): handle_status('GET')
#1 {main}
  thrown in C:\xampp\htdocs\ADISE24_ataxxangelos\ataxx.php on line 88
[07-Jan-2025 22:24:39 Europe/Berlin] PHP Fatal error:  Uncaught ArgumentCountError: Too few arguments to function handle_status(), 1 passed in C:\xampp\htdocs\ADISE24_ataxxangelos\ataxx.php on line 33 and exactly 2 expected in C:\xampp\htdocs\ADISE24_ataxxangelos\ataxx.php:88
Stack trace:
#0 C:\xampp\htdocs\ADISE24_ataxxangelos\ataxx.php(33): handle_status('GET')
#1 {main}
  thrown in C:\xampp\htdocs\ADISE24_ataxxangelos\ataxx.php on line 88
[07-Jan-2025 22:24:42 Europe/Berlin] PHP Fatal error:  Uncaught ArgumentCountError: Too few arguments to function handle_status(), 1 passed in C:\xampp\htdocs\ADISE24_ataxxangelos\ataxx.php on line 33 and exactly 2 expected in C:\xampp\htdocs\ADISE24_ataxxangelos\ataxx.php:88
Stack trace:
#0 C:\xampp\htdocs\ADISE24_ataxxangelos\ataxx.php(33): handle_status('GET')
#1 {main}
  thrown in C:\xampp\htdocs\ADISE24_ataxxangelos\ataxx.php on line 88
